<?xml version="1.0" encoding="UTF-8"?>
<testng-results skipped="0" failed="0" ignored="0" total="1" passed="1">
  <reporter-output>
  </reporter-output>
  <suite name="Default suite" duration-ms="305" started-at="2020-05-13T07:46:28Z" finished-at="2020-05-13T07:46:28Z">
    <groups>
    </groups>
    <test name="Default test" duration-ms="305" started-at="2020-05-13T07:46:28Z" finished-at="2020-05-13T07:46:28Z">
      <class name="org.test.kri.A">
        <test-method status="PASS" signature="test1()[pri:0, instance:org.test.kri.A@2f8f11]" name="test1" duration-ms="116" started-at="2020-05-13T07:46:28Z" finished-at="2020-05-13T07:46:28Z">
          <reporter-output>
          </reporter-output>
        </test-method> <!-- test1 -->
      </class> <!-- org.test.kri.A -->
    </test> <!-- Default test -->
  </suite> <!-- Default suite -->
</testng-results>
